This is pdfTeX, Version 3.14159265-2.6-1.40.18 (TeX Live 2017/Debian) (preloaded format=pdflatex 2019.9.19)  19 SEP 2019 20:37
entering extended mode
 restricted \write18 enabled.
 %&-line parsing enabled.
**NewMonti25.tex
(./NewMonti25.tex
LaTeX2e <2017-04-15>
Babel <3.18> and hyphenation patterns for 6 language(s) loaded.
(/usr/share/texlive/texmf-dist/tex/latex/base/article.cls
Document Class: article 2014/09/29 v1.4h Standard LaTeX document class
(/usr/share/texlive/texmf-dist/tex/latex/base/size12.clo
File: size12.clo 2014/09/29 v1.4h Standard LaTeX file (size option)
)
\c@part=\count79
\c@section=\count80
\c@subsection=\count81
\c@subsubsection=\count82
\c@paragraph=\count83
\c@subparagraph=\count84
\c@figure=\count85
\c@table=\count86
\abovecaptionskip=\skip41
\belowcaptionskip=\skip42
\bibindent=\dimen102
)
(/usr/share/texlive/texmf-dist/tex/latex/amsfonts/amssymb.sty
Package: amssymb 2013/01/14 v3.01 AMS font symbols

(/usr/share/texlive/texmf-dist/tex/latex/amsfonts/amsfonts.sty
Package: amsfonts 2013/01/14 v3.01 Basic AMSFonts support
\@emptytoks=\toks14
\symAMSa=\mathgroup4
\symAMSb=\mathgroup5
LaTeX Font Info:    Overwriting math alphabet `\mathfrak' in version `bold'
(Font)                  U/euf/m/n --> U/euf/b/n on input line 106.
))
(/usr/share/texlive/texmf-dist/tex/latex/amsmath/amsmath.sty
Package: amsmath 2017/09/02 v2.17a AMS math features
\@mathmargin=\skip43

For additional information on amsmath, use the `?' option.
(/usr/share/texlive/texmf-dist/tex/latex/amsmath/amstext.sty
Package: amstext 2000/06/29 v2.01 AMS text

(/usr/share/texlive/texmf-dist/tex/latex/amsmath/amsgen.sty
File: amsgen.sty 1999/11/30 v2.0 generic functions
\@emptytoks=\toks15
\ex@=\dimen103
))
(/usr/share/texlive/texmf-dist/tex/latex/amsmath/amsbsy.sty
Package: amsbsy 1999/11/29 v1.2d Bold Symbols
\pmbraise@=\dimen104
)
(/usr/share/texlive/texmf-dist/tex/latex/amsmath/amsopn.sty
Package: amsopn 2016/03/08 v2.02 operator names
)
\inf@bad=\count87
LaTeX Info: Redefining \frac on input line 213.
\uproot@=\count88
\leftroot@=\count89
LaTeX Info: Redefining \overline on input line 375.
\classnum@=\count90
\DOTSCASE@=\count91
LaTeX Info: Redefining \ldots on input line 472.
LaTeX Info: Redefining \dots on input line 475.
LaTeX Info: Redefining \cdots on input line 596.
\Mathstrutbox@=\box26
\strutbox@=\box27
\big@size=\dimen105
LaTeX Font Info:    Redeclaring font encoding OML on input line 712.
LaTeX Font Info:    Redeclaring font encoding OMS on input line 713.
\macc@depth=\count92
\c@MaxMatrixCols=\count93
\dotsspace@=\muskip10
\c@parentequation=\count94
\dspbrk@lvl=\count95
\tag@help=\toks16
\row@=\count96
\column@=\count97
\maxfields@=\count98
\andhelp@=\toks17
\eqnshift@=\dimen106
\alignsep@=\dimen107
\tagshift@=\dimen108
\tagwidth@=\dimen109
\totwidth@=\dimen110
\lineht@=\dimen111
\@envbody=\toks18
\multlinegap=\skip44
\multlinetaggap=\skip45
\mathdisplay@stack=\toks19
LaTeX Info: Redefining \[ on input line 2817.
LaTeX Info: Redefining \] on input line 2818.
)
(/usr/share/texlive/texmf-dist/tex/latex/graphics/graphicx.sty
Package: graphicx 2017/06/01 v1.1a Enhanced LaTeX Graphics (DPC,SPQR)

(/usr/share/texlive/texmf-dist/tex/latex/graphics/keyval.sty
Package: keyval 2014/10/28 v1.15 key=value parser (DPC)
\KV@toks@=\toks20
)
(/usr/share/texlive/texmf-dist/tex/latex/graphics/graphics.sty
Package: graphics 2017/06/25 v1.2c Standard LaTeX Graphics (DPC,SPQR)

(/usr/share/texlive/texmf-dist/tex/latex/graphics/trig.sty
Package: trig 2016/01/03 v1.10 sin cos tan (DPC)
)
(/usr/share/texlive/texmf-dist/tex/latex/graphics-cfg/graphics.cfg
File: graphics.cfg 2016/06/04 v1.11 sample graphics configuration
)
Package graphics Info: Driver file: pdftex.def on input line 99.

(/usr/share/texlive/texmf-dist/tex/latex/graphics-def/pdftex.def
File: pdftex.def 2018/01/08 v1.0l Graphics/color driver for pdftex
))
\Gin@req@height=\dimen112
\Gin@req@width=\dimen113
)
(/usr/share/texlive/texmf-dist/tex/latex/multirow/multirow.sty
Package: multirow 2016/11/25 v2.2 Span multiple rows of a table
\multirow@colwidth=\skip46
\multirow@cntb=\count99
\multirow@dima=\skip47
\bigstrutjot=\dimen114
)
(/usr/share/texlive/texmf-dist/tex/latex/was/gensymb.sty
Package: gensymb 2003/07/02 v1.0 (WaS)
)
(/usr/share/texlive/texmf-dist/tex/latex/float/float.sty
Package: float 2001/11/08 v1.3d Float enhancements (AL)
\c@float@type=\count100
\float@exts=\toks21
\float@box=\box28
\@float@everytoks=\toks22
\@floatcapt=\box29
)
(/usr/share/texlive/texmf-dist/tex/latex/preprint/authblk.sty
Package: authblk 2001/02/27 1.3 (PWD)
\affilsep=\skip48
\@affilsep=\skip49
\c@Maxaffil=\count101
\c@authors=\count102
\c@affil=\count103
)
(/usr/share/texlive/texmf-dist/tex/latex/mnsymbol/MnSymbol.sty
Package: MnSymbol 2007/01/21 v1.4 support for the MnSymbol font

(/usr/share/texlive/texmf-dist/tex/latex/base/textcomp.sty
Package: textcomp 2017/04/05 v2.0i Standard LaTeX package
Package textcomp Info: Sub-encoding information:
(textcomp)               5 = only ISO-Adobe without \textcurrency
(textcomp)               4 = 5 + \texteuro
(textcomp)               3 = 4 + \textohm
(textcomp)               2 = 3 + \textestimated + \textcurrency
(textcomp)               1 = TS1 - \textcircled - \t
(textcomp)               0 = TS1 (full)
(textcomp)             Font families with sub-encoding setting implement
(textcomp)             only a restricted character set as indicated.
(textcomp)             Family '?' is the default used for unknown fonts.
(textcomp)             See the documentation for details.
Package textcomp Info: Setting ? sub-encoding to TS1/1 on input line 79.

(/usr/share/texlive/texmf-dist/tex/latex/base/ts1enc.def
File: ts1enc.def 2001/06/05 v3.0e (jk/car/fm) Standard LaTeX file
)
LaTeX Info: Redefining \oldstylenums on input line 334.
Package textcomp Info: Setting cmr sub-encoding to TS1/0 on input line 349.
Package textcomp Info: Setting cmss sub-encoding to TS1/0 on input line 350.
Package textcomp Info: Setting cmtt sub-encoding to TS1/0 on input line 351.
Package textcomp Info: Setting cmvtt sub-encoding to TS1/0 on input line 352.
Package textcomp Info: Setting cmbr sub-encoding to TS1/0 on input line 353.
Package textcomp Info: Setting cmtl sub-encoding to TS1/0 on input line 354.
Package textcomp Info: Setting ccr sub-encoding to TS1/0 on input line 355.
Package textcomp Info: Setting ptm sub-encoding to TS1/4 on input line 356.
Package textcomp Info: Setting pcr sub-encoding to TS1/4 on input line 357.
Package textcomp Info: Setting phv sub-encoding to TS1/4 on input line 358.
Package textcomp Info: Setting ppl sub-encoding to TS1/3 on input line 359.
Package textcomp Info: Setting pag sub-encoding to TS1/4 on input line 360.
Package textcomp Info: Setting pbk sub-encoding to TS1/4 on input line 361.
Package textcomp Info: Setting pnc sub-encoding to TS1/4 on input line 362.
Package textcomp Info: Setting pzc sub-encoding to TS1/4 on input line 363.
Package textcomp Info: Setting bch sub-encoding to TS1/4 on input line 364.
Package textcomp Info: Setting put sub-encoding to TS1/5 on input line 365.
Package textcomp Info: Setting uag sub-encoding to TS1/5 on input line 366.
Package textcomp Info: Setting ugq sub-encoding to TS1/5 on input line 367.
Package textcomp Info: Setting ul8 sub-encoding to TS1/4 on input line 368.
Package textcomp Info: Setting ul9 sub-encoding to TS1/4 on input line 369.
Package textcomp Info: Setting augie sub-encoding to TS1/5 on input line 370.
Package textcomp Info: Setting dayrom sub-encoding to TS1/3 on input line 371.
Package textcomp Info: Setting dayroms sub-encoding to TS1/3 on input line 372.

Package textcomp Info: Setting pxr sub-encoding to TS1/0 on input line 373.
Package textcomp Info: Setting pxss sub-encoding to TS1/0 on input line 374.
Package textcomp Info: Setting pxtt sub-encoding to TS1/0 on input line 375.
Package textcomp Info: Setting txr sub-encoding to TS1/0 on input line 376.
Package textcomp Info: Setting txss sub-encoding to TS1/0 on input line 377.
Package textcomp Info: Setting txtt sub-encoding to TS1/0 on input line 378.
Package textcomp Info: Setting lmr sub-encoding to TS1/0 on input line 379.
Package textcomp Info: Setting lmdh sub-encoding to TS1/0 on input line 380.
Package textcomp Info: Setting lmss sub-encoding to TS1/0 on input line 381.
Package textcomp Info: Setting lmssq sub-encoding to TS1/0 on input line 382.
Package textcomp Info: Setting lmvtt sub-encoding to TS1/0 on input line 383.
Package textcomp Info: Setting lmtt sub-encoding to TS1/0 on input line 384.
Package textcomp Info: Setting qhv sub-encoding to TS1/0 on input line 385.
Package textcomp Info: Setting qag sub-encoding to TS1/0 on input line 386.
Package textcomp Info: Setting qbk sub-encoding to TS1/0 on input line 387.
Package textcomp Info: Setting qcr sub-encoding to TS1/0 on input line 388.
Package textcomp Info: Setting qcs sub-encoding to TS1/0 on input line 389.
Package textcomp Info: Setting qpl sub-encoding to TS1/0 on input line 390.
Package textcomp Info: Setting qtm sub-encoding to TS1/0 on input line 391.
Package textcomp Info: Setting qzc sub-encoding to TS1/0 on input line 392.
Package textcomp Info: Setting qhvc sub-encoding to TS1/0 on input line 393.
Package textcomp Info: Setting futs sub-encoding to TS1/4 on input line 394.
Package textcomp Info: Setting futx sub-encoding to TS1/4 on input line 395.
Package textcomp Info: Setting futj sub-encoding to TS1/4 on input line 396.
Package textcomp Info: Setting hlh sub-encoding to TS1/3 on input line 397.
Package textcomp Info: Setting hls sub-encoding to TS1/3 on input line 398.
Package textcomp Info: Setting hlst sub-encoding to TS1/3 on input line 399.
Package textcomp Info: Setting hlct sub-encoding to TS1/5 on input line 400.
Package textcomp Info: Setting hlx sub-encoding to TS1/5 on input line 401.
Package textcomp Info: Setting hlce sub-encoding to TS1/5 on input line 402.
Package textcomp Info: Setting hlcn sub-encoding to TS1/5 on input line 403.
Package textcomp Info: Setting hlcw sub-encoding to TS1/5 on input line 404.
Package textcomp Info: Setting hlcf sub-encoding to TS1/5 on input line 405.
Package textcomp Info: Setting pplx sub-encoding to TS1/3 on input line 406.
Package textcomp Info: Setting pplj sub-encoding to TS1/3 on input line 407.
Package textcomp Info: Setting ptmx sub-encoding to TS1/4 on input line 408.
Package textcomp Info: Setting ptmj sub-encoding to TS1/4 on input line 409.
)
LaTeX Info: Redefining \dagger on input line 84.
LaTeX Info: Redefining \ddagger on input line 84.
LaTeX Info: Redefining \mathparagraph on input line 84.
LaTeX Info: Redefining \mathsection on input line 84.
LaTeX Info: Redefining \mathdollar on input line 84.
LaTeX Info: Redefining \mathsterling on input line 84.
LaTeX Info: Redefining \yen on input line 84.
LaTeX Info: Redefining \circledR on input line 84.
LaTeX Info: Redefining \circledS on input line 84.
LaTeX Info: Redefining \Re on input line 84.
LaTeX Info: Redefining \Im on input line 84.
LaTeX Info: Redefining \dotplus on input line 84.
LaTeX Info: Redefining \thicksim on input line 84.
LaTeX Info: Redefining \thickapprox on input line 84.
LaTeX Info: Redefining \veebar on input line 84.
LaTeX Info: Redefining \barwedge on input line 84.
LaTeX Info: Redefining \doublebarwedge on input line 84.
LaTeX Info: Redefining \centerdot on input line 84.
LaTeX Info: Redefining \divideontimes on input line 84.
\symMnSyA=\mathgroup6
\symMnSyB=\mathgroup7
\symMnSyC=\mathgroup8
\symMnSyD=\mathgroup9
LaTeX Font Info:    Redeclaring symbol font `largesymbols' on input line 119.
LaTeX Font Info:    Overwriting symbol font `largesymbols' in version `normal'
(Font)                  OMX/cmex/m/n --> OMX/MnSymbolE/m/n on input line 119.
LaTeX Font Info:    Overwriting symbol font `largesymbols' in version `bold'
(Font)                  OMX/cmex/m/n --> OMX/MnSymbolE/m/n on input line 119.
LaTeX Font Info:    Redeclaring symbol font `symbols' on input line 120.
LaTeX Font Info:    Encoding `OMS' has changed to `U' for symbol font
(Font)              `symbols' in the math version `normal' on input line 120.
LaTeX Font Info:    Overwriting symbol font `symbols' in version `normal'
(Font)                  OMS/cmsy/m/n --> U/MnSymbolF/m/n on input line 120.
LaTeX Font Info:    Encoding `OMS' has changed to `U' for symbol font
(Font)              `symbols' in the math version `bold' on input line 120.
LaTeX Font Info:    Overwriting symbol font `symbols' in version `bold'
(Font)                  OMS/cmsy/b/n --> U/MnSymbolF/m/n on input line 120.
LaTeX Font Info:    Overwriting symbol font `MnSyA' in version `bold'
(Font)                  U/MnSymbolA/m/n --> U/MnSymbolA/b/n on input line 121.
LaTeX Font Info:    Overwriting symbol font `MnSyB' in version `bold'
(Font)                  U/MnSymbolB/m/n --> U/MnSymbolB/b/n on input line 122.
LaTeX Font Info:    Overwriting symbol font `MnSyC' in version `bold'
(Font)                  U/MnSymbolC/m/n --> U/MnSymbolC/b/n on input line 123.
LaTeX Font Info:    Overwriting symbol font `MnSyD' in version `bold'
(Font)                  U/MnSymbolD/m/n --> U/MnSymbolD/b/n on input line 124.
LaTeX Font Info:    Overwriting symbol font `largesymbols' in version `bold'
(Font)                  OMX/MnSymbolE/m/n --> OMX/MnSymbolE/b/n on input line 1
25.
LaTeX Font Info:    Overwriting symbol font `symbols' in version `bold'
(Font)                  U/MnSymbolF/m/n --> U/MnSymbolF/b/n on input line 126.
LaTeX Font Info:    Redeclaring math alphabet \mathcal on input line 241.
LaTeX Font Info:    Overwriting math alphabet `\mathcal' in version `bold'
(Font)                  OMS/MnSymbolS/m/n --> OMS/MnSymbolS/b/n on input line 2
41.
LaTeX Info: Redefining \longrightarrow on input line 548.
LaTeX Info: Redefining \longleftarrow on input line 549.
LaTeX Info: Redefining \longleftrightarrow on input line 550.
LaTeX Info: Redefining \Longrightarrow on input line 551.
LaTeX Info: Redefining \Longleftarrow on input line 552.
LaTeX Info: Redefining \Longleftrightarrow on input line 553.
LaTeX Info: Redefining \longmapsto on input line 554.
LaTeX Info: Redefining \vdots on input line 868.
LaTeX Font Info:    Redeclaring math symbol \braceld on input line 1721.
LaTeX Font Info:    Redeclaring math symbol \bracelu on input line 1722.
LaTeX Font Info:    Redeclaring math symbol \bracerd on input line 1723.
LaTeX Font Info:    Redeclaring math symbol \braceru on input line 1724.
LaTeX Info: Redefining \downbracefill on input line 1799.
LaTeX Info: Redefining \upbracefill on input line 1800.
LaTeX Info: Redefining \overbrace on input line 1819.
LaTeX Info: Redefining \underbrace on input line 1820.
LaTeX Info: Redefining \surd on input line 1843.
LaTeX Font Info:    Redeclaring math accent \widehat on input line 1845.
LaTeX Font Info:    Redeclaring math accent \widetilde on input line 1846.
LaTeX Font Info:    Redeclaring math accent \vec on input line 1848.
)

LaTeX Warning: Unused global option(s):
    [preprint].

(./NewMonti25.aux)
\openout1 = `NewMonti25.aux'.

LaTeX Font Info:    Checking defaults for OML/cmm/m/it on input line 25.
LaTeX Font Info:    ... okay on input line 25.
LaTeX Font Info:    Checking defaults for T1/cmr/m/n on input line 25.
LaTeX Font Info:    ... okay on input line 25.
LaTeX Font Info:    Checking defaults for OT1/cmr/m/n on input line 25.
LaTeX Font Info:    ... okay on input line 25.
LaTeX Font Info:    Checking defaults for OMS/cmsy/m/n on input line 25.
LaTeX Font Info:    ... okay on input line 25.
LaTeX Font Info:    Checking defaults for OMX/cmex/m/n on input line 25.
LaTeX Font Info:    ... okay on input line 25.
LaTeX Font Info:    Checking defaults for U/cmr/m/n on input line 25.
LaTeX Font Info:    ... okay on input line 25.
LaTeX Font Info:    Checking defaults for TS1/cmr/m/n on input line 25.
LaTeX Font Info:    Try loading font information for TS1+cmr on input line 25.
 (/usr/share/texlive/texmf-dist/tex/latex/base/ts1cmr.fd
File: ts1cmr.fd 2014/09/29 v2.5h Standard LaTeX font definitions
)
LaTeX Font Info:    ... okay on input line 25.

(/usr/share/texlive/texmf-dist/tex/context/base/mkii/supp-pdf.mkii
[Loading MPS to PDF converter (version 2006.09.02).]
\scratchcounter=\count104
\scratchdimen=\dimen115
\scratchbox=\box30
\nofMPsegments=\count105
\nofMParguments=\count106
\everyMPshowfont=\toks23
\MPscratchCnt=\count107
\MPscratchDim=\dimen116
\MPnumerator=\count108
\makeMPintoPDFobject=\count109
\everyMPtoPDFconversion=\toks24
) (/usr/share/texlive/texmf-dist/tex/latex/oberdiek/epstopdf-base.sty
Package: epstopdf-base 2016/05/15 v2.6 Base part for package epstopdf

(/usr/share/texlive/texmf-dist/tex/generic/oberdiek/infwarerr.sty
Package: infwarerr 2016/05/16 v1.4 Providing info/warning/error messages (HO)
)
(/usr/share/texlive/texmf-dist/tex/latex/oberdiek/grfext.sty
Package: grfext 2016/05/16 v1.2 Manage graphics extensions (HO)

(/usr/share/texlive/texmf-dist/tex/generic/oberdiek/kvdefinekeys.sty
Package: kvdefinekeys 2016/05/16 v1.4 Define keys (HO)

(/usr/share/texlive/texmf-dist/tex/generic/oberdiek/ltxcmds.sty
Package: ltxcmds 2016/05/16 v1.23 LaTeX kernel commands for general use (HO)
)))
(/usr/share/texlive/texmf-dist/tex/latex/oberdiek/kvoptions.sty
Package: kvoptions 2016/05/16 v3.12 Key value format for package options (HO)

(/usr/share/texlive/texmf-dist/tex/generic/oberdiek/kvsetkeys.sty
Package: kvsetkeys 2016/05/16 v1.17 Key value parser (HO)

(/usr/share/texlive/texmf-dist/tex/generic/oberdiek/etexcmds.sty
Package: etexcmds 2016/05/16 v1.6 Avoid name clashes with e-TeX commands (HO)

(/usr/share/texlive/texmf-dist/tex/generic/oberdiek/ifluatex.sty
Package: ifluatex 2016/05/16 v1.4 Provides the ifluatex switch (HO)
Package ifluatex Info: LuaTeX not detected.
)
Package etexcmds Info: Could not find \expanded.
(etexcmds)             That can mean that you are not using pdfTeX 1.50 or
(etexcmds)             that some package has redefined \expanded.
(etexcmds)             In the latter case, load this package earlier.
)))
(/usr/share/texlive/texmf-dist/tex/generic/oberdiek/pdftexcmds.sty
Package: pdftexcmds 2018/01/21 v0.26 Utility functions of pdfTeX for LuaTeX (HO
)

(/usr/share/texlive/texmf-dist/tex/generic/oberdiek/ifpdf.sty
Package: ifpdf 2017/03/15 v3.2 Provides the ifpdf switch
)
Package pdftexcmds Info: LuaTeX not detected.
Package pdftexcmds Info: \pdf@primitive is available.
Package pdftexcmds Info: \pdf@ifprimitive is available.
Package pdftexcmds Info: \pdfdraftmode found.
)
Package epstopdf-base Info: Redefining graphics rule for `.eps' on input line 4
38.
Package grfext Info: Graphics extension search list:
(grfext)             [.pdf,.png,.jpg,.mps,.jpeg,.jbig2,.jb2,.PDF,.PNG,.JPG,.JPE
G,.JBIG2,.JB2,.eps]
(grfext)             \AppendGraphicsExtensions on input line 456.

(/usr/share/texlive/texmf-dist/tex/latex/latexconfig/epstopdf-sys.cfg
File: epstopdf-sys.cfg 2010/07/13 v1.3 Configuration of (r)epstopdf for TeX Liv
e
))
\symgns@font=\mathgroup10
LaTeX Font Info:    Overwriting symbol font `gns@font' in version `bold'
(Font)                  TS1/cmr/m/n --> TS1/cmr/bx/n on input line 25.
Package gensymb Info: Math companion symbols declared on input line 25.
LaTeX Info: Redefining \degree on input line 25.
LaTeX Info: Redefining \celsius on input line 25.
Package gensymb Info: Using text companion symbols for \degree, \celsius and \p
erthousand on input line 25.
LaTeX Info: Redefining \ohm on input line 25.
Package gensymb Info: Using \textohm for \ohm on input line 25.
Package gensymb Info: Using \textmu for \micro on input line 25.
LaTeX Font Info:    Try loading font information for U+msa on input line 56.

(/usr/share/texlive/texmf-dist/tex/latex/amsfonts/umsa.fd
File: umsa.fd 2013/01/14 v3.01 AMS symbols A
)
LaTeX Font Info:    Try loading font information for U+msb on input line 56.

(/usr/share/texlive/texmf-dist/tex/latex/amsfonts/umsb.fd
File: umsb.fd 2013/01/14 v3.01 AMS symbols B
) [1

{/var/lib/texmf/fonts/map/pdftex/updmap/pdftex.map}] [2] [3]
Package epstopdf Info: Source file: <figuras/Fig_finales/Fig1.eps>
(epstopdf)                    date: 2019-09-16 20:28:22
(epstopdf)                    size: 109166 bytes
(epstopdf)             Output file: <figuras/Fig_finales/Fig1-eps-converted-to.
pdf>
(epstopdf)                    date: 2019-09-18 20:23:21
(epstopdf)                    size: 42993 bytes
(epstopdf)             Command: <repstopdf --outfile=figuras/Fig_finales/Fig1-e
ps-converted-to.pdf figuras/Fig_finales/Fig1.eps>
(epstopdf)             \includegraphics on input line 178.
Package epstopdf Info: Output file is already uptodate.


pdfTeX warning: pdflatex (file ./figuras/Fig_finales/Fig1-eps-converted-to.pdf)
: PDF inclusion: found PDF version <1.7>, but at most version <1.5> allowed
<figuras/Fig_finales/Fig1-eps-converted-to.pdf, id=21, 829.0975pt x 581.17125pt
>
File: figuras/Fig_finales/Fig1-eps-converted-to.pdf Graphic file (type pdf)
<use figuras/Fig_finales/Fig1-eps-converted-to.pdf>
Package pdftex.def Info: figuras/Fig_finales/Fig1-eps-converted-to.pdf  used on
 input line 178.
(pdftex.def)             Requested size: 292.5pt x 205.02695pt.
[4 <./figuras/Fig_finales/Fig1-eps-converted-to.pdf>]
Overfull \hbox (2.70346pt too wide) in paragraph at lines 208--208
[]\OT1/cmr/m/n/12 CHN| 
 []


Overfull \hbox (3.19096pt too wide) in paragraph at lines 212--213
[][]| 
 []

Package epstopdf Info: Source file: <figuras/Fig_finales/fig2.eps>
(epstopdf)                    date: 2019-09-19 19:48:51
(epstopdf)                    size: 199334 bytes
(epstopdf)             Output file: <figuras/Fig_finales/fig2-eps-converted-to.
pdf>
(epstopdf)                    date: 2019-09-19 19:48:51
(epstopdf)                    size: 41787 bytes
(epstopdf)             Command: <repstopdf --outfile=figuras/Fig_finales/fig2-e
ps-converted-to.pdf figuras/Fig_finales/fig2.eps>
(epstopdf)             \includegraphics on input line 241.
Package epstopdf Info: Output file is already uptodate.


pdfTeX warning: pdflatex (file ./figuras/Fig_finales/fig2-eps-converted-to.pdf)
: PDF inclusion: found PDF version <1.7>, but at most version <1.5> allowed
<figuras/Fig_finales/fig2-eps-converted-to.pdf, id=89, 807.015pt x 566.115pt>
File: figuras/Fig_finales/fig2-eps-converted-to.pdf Graphic file (type pdf)
<use figuras/Fig_finales/fig2-eps-converted-to.pdf>
Package pdftex.def Info: figuras/Fig_finales/fig2-eps-converted-to.pdf  used on
 input line 241.
(pdftex.def)             Requested size: 292.5pt x 205.18335pt.
[5]
Package epstopdf Info: Source file: <figuras/Fig_finales/fig3.eps>
(epstopdf)                    date: 2019-09-19 19:48:51
(epstopdf)                    size: 245088 bytes
(epstopdf)             Output file: <figuras/Fig_finales/fig3-eps-converted-to.
pdf>
(epstopdf)                    date: 2019-09-19 19:48:51
(epstopdf)                    size: 60954 bytes
(epstopdf)             Command: <repstopdf --outfile=figuras/Fig_finales/fig3-e
ps-converted-to.pdf figuras/Fig_finales/fig3.eps>
(epstopdf)             \includegraphics on input line 272.
Package epstopdf Info: Output file is already uptodate.


pdfTeX warning: pdflatex (file ./figuras/Fig_finales/fig3-eps-converted-to.pdf)
: PDF inclusion: found PDF version <1.7>, but at most version <1.5> allowed
<figuras/Fig_finales/fig3-eps-converted-to.pdf, id=95, 807.015pt x 566.115pt>
File: figuras/Fig_finales/fig3-eps-converted-to.pdf Graphic file (type pdf)
<use figuras/Fig_finales/fig3-eps-converted-to.pdf>
Package pdftex.def Info: figuras/Fig_finales/fig3-eps-converted-to.pdf  used on
 input line 272.
(pdftex.def)             Requested size: 292.5pt x 205.18335pt.

Overfull \hbox (2.83759pt too wide) in paragraph at lines 291--299
\OT1/cmr/m/n/12 The first at-tempt to de-velop a com-pre-hen-sive but straight-
for-ward phe-nomeno-
 []

[6 <./figuras/Fig_finales/fig2-eps-converted-to.pdf>]
Package epstopdf Info: Source file: <figuras/Fig_finales/fig4.eps>
(epstopdf)                    date: 2019-09-19 19:48:51
(epstopdf)                    size: 737187 bytes
(epstopdf)             Output file: <figuras/Fig_finales/fig4-eps-converted-to.
pdf>
(epstopdf)                    date: 2019-09-19 19:48:51
(epstopdf)                    size: 223462 bytes
(epstopdf)             Command: <repstopdf --outfile=figuras/Fig_finales/fig4-e
ps-converted-to.pdf figuras/Fig_finales/fig4.eps>
(epstopdf)             \includegraphics on input line 340.
Package epstopdf Info: Output file is already uptodate.


pdfTeX warning: pdflatex (file ./figuras/Fig_finales/fig4-eps-converted-to.pdf)
: PDF inclusion: found PDF version <1.7>, but at most version <1.5> allowed
<figuras/Fig_finales/fig4-eps-converted-to.pdf, id=160, 810.02625pt x 626.34pt>

File: figuras/Fig_finales/fig4-eps-converted-to.pdf Graphic file (type pdf)
<use figuras/Fig_finales/fig4-eps-converted-to.pdf>
Package pdftex.def Info: figuras/Fig_finales/fig4-eps-converted-to.pdf  used on
 input line 340.
(pdftex.def)             Requested size: 292.5pt x 226.17033pt.
[7 <./figuras/Fig_finales/fig3-eps-converted-to.pdf>] [8 <./figuras/Fig_finales
/fig4-eps-converted-to.pdf>] [9]
Package epstopdf Info: Source file: <figuras/Fig_finales/fig_recta.eps>
(epstopdf)                    date: 2019-09-19 19:48:51
(epstopdf)                    size: 167248 bytes
(epstopdf)             Output file: <figuras/Fig_finales/fig_recta-eps-converte
d-to.pdf>
(epstopdf)                    date: 2019-09-19 19:48:51
(epstopdf)                    size: 31840 bytes
(epstopdf)             Command: <repstopdf --outfile=figuras/Fig_finales/fig_re
cta-eps-converted-to.pdf figuras/Fig_finales/fig_recta.eps>
(epstopdf)             \includegraphics on input line 452.
Package epstopdf Info: Output file is already uptodate.


pdfTeX warning: pdflatex (file ./figuras/Fig_finales/fig_recta-eps-converted-to
.pdf): PDF inclusion: found PDF version <1.7>, but at most version <1.5> allowe
d
<figuras/Fig_finales/fig_recta-eps-converted-to.pdf, id=292, 807.015pt x 618.31
pt>
File: figuras/Fig_finales/fig_recta-eps-converted-to.pdf Graphic file (type pdf
)
<use figuras/Fig_finales/fig_recta-eps-converted-to.pdf>
Package pdftex.def Info: figuras/Fig_finales/fig_recta-eps-converted-to.pdf  us
ed on input line 452.
(pdftex.def)             Requested size: 292.5pt x 224.10097pt.
[10 <./figuras/Fig_finales/fig_recta-eps-converted-to.pdf>]
Package epstopdf Info: Source file: <figuras/Fig_finales/Fig5.eps>
(epstopdf)                    date: 2019-09-16 20:28:22
(epstopdf)                    size: 108456 bytes
(epstopdf)             Output file: <figuras/Fig_finales/Fig5-eps-converted-to.
pdf>
(epstopdf)                    date: 2019-09-18 20:23:21
(epstopdf)                    size: 45009 bytes
(epstopdf)             Command: <repstopdf --outfile=figuras/Fig_finales/Fig5-e
ps-converted-to.pdf figuras/Fig_finales/Fig5.eps>
(epstopdf)             \includegraphics on input line 488.
Package epstopdf Info: Output file is already uptodate.


pdfTeX warning: pdflatex (file ./figuras/Fig_finales/Fig5-eps-converted-to.pdf)
: PDF inclusion: found PDF version <1.7>, but at most version <1.5> allowed
<figuras/Fig_finales/Fig5-eps-converted-to.pdf, id=358, 829.0975pt x 581.17125p
t>
File: figuras/Fig_finales/Fig5-eps-converted-to.pdf Graphic file (type pdf)
<use figuras/Fig_finales/Fig5-eps-converted-to.pdf>
Package pdftex.def Info: figuras/Fig_finales/Fig5-eps-converted-to.pdf  used on
 input line 488.
(pdftex.def)             Requested size: 292.5pt x 205.02695pt.
[11 <./figuras/Fig_finales/Fig5-eps-converted-to.pdf>]
Package epstopdf Info: Source file: <figuras/Fig_finales/Fig6.eps>
(epstopdf)                    date: 2019-09-16 20:28:22
(epstopdf)                    size: 189364 bytes
(epstopdf)             Output file: <figuras/Fig_finales/Fig6-eps-converted-to.
pdf>
(epstopdf)                    date: 2019-09-18 20:23:21
(epstopdf)                    size: 78815 bytes
(epstopdf)             Command: <repstopdf --outfile=figuras/Fig_finales/Fig6-e
ps-converted-to.pdf figuras/Fig_finales/Fig6.eps>
(epstopdf)             \includegraphics on input line 563.
Package epstopdf Info: Output file is already uptodate.


pdfTeX warning: pdflatex (file ./figuras/Fig_finales/Fig6-eps-converted-to.pdf)
: PDF inclusion: found PDF version <1.7>, but at most version <1.5> allowed
<figuras/Fig_finales/Fig6-eps-converted-to.pdf, id=432, 829.0975pt x 581.17125p
t>
File: figuras/Fig_finales/Fig6-eps-converted-to.pdf Graphic file (type pdf)
<use figuras/Fig_finales/Fig6-eps-converted-to.pdf>
Package pdftex.def Info: figuras/Fig_finales/Fig6-eps-converted-to.pdf  used on
 input line 563.
(pdftex.def)             Requested size: 292.5pt x 205.02695pt.
[12] [13 <./figuras/Fig_finales/Fig6-eps-converted-to.pdf>]
Overfull \hbox (2.72461pt too wide) in paragraph at lines 639--639
[]\OT1/cmr/m/n/12 +0.32| 
 []


Overfull \hbox (2.72461pt too wide) in paragraph at lines 639--639
[]\OT1/cmr/m/n/12 +0.23| 
 []


Overfull \hbox (2.72461pt too wide) in paragraph at lines 642--642
[]\OT1/cmr/m/n/12 +0.28| 
 []


Overfull \hbox (2.72461pt too wide) in paragraph at lines 642--642
[]\OT1/cmr/m/n/12 +0.21| 
 []


Overfull \hbox (2.72461pt too wide) in paragraph at lines 645--645
[]\OT1/cmr/m/n/12 +0.46| 
 []


Overfull \hbox (2.72461pt too wide) in paragraph at lines 645--645
[]\OT1/cmr/m/n/12 +0.20| 
 []


Overfull \hbox (2.72461pt too wide) in paragraph at lines 648--648
[]\OT1/cmr/m/n/12 +0.20| 
 []


Overfull \hbox (2.72461pt too wide) in paragraph at lines 648--648
[]\OT1/cmr/m/n/12 +0.19| 
 []

Package epstopdf Info: Source file: <figuras/levelsDNA.eps>
(epstopdf)                    date: 2019-09-19 19:48:51
(epstopdf)                    size: 202725 bytes
(epstopdf)             Output file: <figuras/levelsDNA-eps-converted-to.pdf>
(epstopdf)                    date: 2019-09-19 19:48:51
(epstopdf)                    size: 11086 bytes
(epstopdf)             Command: <repstopdf --outfile=figuras/levelsDNA-eps-conv
erted-to.pdf figuras/levelsDNA.eps>
(epstopdf)             \includegraphics on input line 660.
Package epstopdf Info: Output file is already uptodate.


pdfTeX warning: pdflatex (file ./figuras/levelsDNA-eps-converted-to.pdf): PDF i
nclusion: found PDF version <1.7>, but at most version <1.5> allowed
<figuras/levelsDNA-eps-converted-to.pdf, id=507, 1130.2225pt x 568.1225pt>
File: figuras/levelsDNA-eps-converted-to.pdf Graphic file (type pdf)
<use figuras/levelsDNA-eps-converted-to.pdf>
Package pdftex.def Info: figuras/levelsDNA-eps-converted-to.pdf  used on input 
line 660.
(pdftex.def)             Requested size: 390.0pt x 196.03714pt.
[14] [15 <./figuras/levelsDNA-eps-converted-to.pdf>] [16] [17] [18]
Missing character: There is no Ã in font cmr12!
Missing character: There is no ± in font cmr12!
Missing character: There is no Ã in font cmr12!
Missing character: There is no £ in font cmr12!
Missing character: There is no Ã in font cmr12!
Missing character: There is no ­ in font cmr12!
 [19]
[20] [21] (./NewMonti25.aux) ) 
Here is how much of TeX's memory you used:
 4348 strings out of 494861
 59232 string characters out of 6178804
 99126 words of memory out of 5000000
 7588 multiletter control sequences out of 15000+600000
 16491 words of font info for 57 fonts, out of 8000000 for 9000
 40 hyphenation exceptions out of 8191
 41i,11n,26p,783b,268s stack positions out of 5000i,500n,10000p,200000b,80000s
 </home/ale/.texlive2017/texmf-var/fonts/pk/ljfou
r/jknappen/ec/tcrm1200.600pk>{/usr/share/texlive/texmf-dist/fonts/enc/dvips/mns
ymbol/MnSymbolC.enc}{/usr/share/texlive/texmf-dist/fonts/enc/dvips/mnsymbol/MnS
ymbolD.enc}{/usr/share/texlive/texmf-dist/fonts/enc/dvips/mnsymbol/MnSymbolA.en
c}{/usr/share/texlive/texmf-dist/fonts/enc/dvips/mnsymbol/MnSymbolE.enc}{/usr/s
hare/texlive/texmf-dist/fonts/enc/dvips/mnsymbol/MnSymbolF.enc}</usr/share/texl
ive/texmf-dist/fonts/type1/public/mnsymbol/MnSymbol12.pfb></usr/share/texlive/t
exmf-dist/fonts/type1/public/mnsymbol/MnSymbol6.pfb></usr/share/texlive/texmf-d
ist/fonts/type1/public/mnsymbol/MnSymbol8.pfb></usr/share/texlive/texmf-dist/fo
nts/type1/public/amsfonts/cm/cmbx10.pfb></usr/share/texlive/texmf-dist/fonts/ty
pe1/public/amsfonts/cm/cmbx12.pfb></usr/share/texlive/texmf-dist/fonts/type1/pu
blic/amsfonts/cm/cmcsc10.pfb></usr/share/texlive/texmf-dist/fonts/type1/public/
amsfonts/cm/cmmi12.pfb></usr/share/texlive/texmf-dist/fonts/type1/public/amsfon
ts/cm/cmmi8.pfb></usr/share/texlive/texmf-dist/fonts/type1/public/amsfonts/cm/c
mr12.pfb></usr/share/texlive/texmf-dist/fonts/type1/public/amsfonts/cm/cmr17.pf
b></usr/share/texlive/texmf-dist/fonts/type1/public/amsfonts/cm/cmr6.pfb></usr/
share/texlive/texmf-dist/fonts/type1/public/amsfonts/cm/cmr8.pfb></usr/share/te
xlive/texmf-dist/fonts/type1/public/amsfonts/cm/cmsy10.pfb></usr/share/texlive/
texmf-dist/fonts/type1/public/amsfonts/cm/cmti12.pfb>
Output written on NewMonti25.pdf (21 pages, 709023 bytes).
PDF statistics:
 604 PDF objects out of 1000 (max. 8388607)
 243 compressed objects within 3 object streams
 0 named destinations out of 1000 (max. 500000)
 41 words of extra memory for PDF output out of 10000 (max. 10000000)

